{"/Users/mike/Projects/valtio-persist/src/history.ts": {"path":"/Users/mike/Projects/valtio-persist/src/history.ts","all":true,"statementMap":{"24":{"start":{"line":25,"column":0},"end":{"line":25,"column":79}},"29":{"start":{"line":30,"column":0},"end":{"line":30,"column":46}},"30":{"start":{"line":31,"column":0},"end":{"line":31,"column":10}},"31":{"start":{"line":32,"column":0},"end":{"line":32,"column":28}},"32":{"start":{"line":33,"column":0},"end":{"line":33,"column":9}},"34":{"start":{"line":35,"column":0},"end":{"line":35,"column":32}},"35":{"start":{"line":36,"column":0},"end":{"line":36,"column":29}},"36":{"start":{"line":37,"column":0},"end":{"line":37,"column":2}},"39":{"start":{"line":40,"column":0},"end":{"line":40,"column":5}},"40":{"start":{"line":41,"column":0},"end":{"line":41,"column":38}},"41":{"start":{"line":42,"column":0},"end":{"line":42,"column":38}},"42":{"start":{"line":43,"column":0},"end":{"line":43,"column":4}},"43":{"start":{"line":44,"column":0},"end":{"line":44,"column":55}},"45":{"start":{"line":46,"column":0},"end":{"line":46,"column":21}},"46":{"start":{"line":47,"column":0},"end":{"line":47,"column":32}},"47":{"start":{"line":48,"column":0},"end":{"line":48,"column":14}},"48":{"start":{"line":49,"column":0},"end":{"line":49,"column":2}},"49":{"start":{"line":50,"column":0},"end":{"line":50,"column":1}},"54":{"start":{"line":55,"column":0},"end":{"line":55,"column":53}},"55":{"start":{"line":56,"column":0},"end":{"line":56,"column":10}},"56":{"start":{"line":57,"column":0},"end":{"line":57,"column":16}},"57":{"start":{"line":58,"column":0},"end":{"line":58,"column":24}},"58":{"start":{"line":59,"column":0},"end":{"line":59,"column":19}},"59":{"start":{"line":60,"column":0},"end":{"line":60,"column":28}},"60":{"start":{"line":61,"column":0},"end":{"line":61,"column":23}},"61":{"start":{"line":62,"column":0},"end":{"line":62,"column":9}},"62":{"start":{"line":63,"column":0},"end":{"line":63,"column":38}},"65":{"start":{"line":66,"column":0},"end":{"line":66,"column":40}},"66":{"start":{"line":67,"column":0},"end":{"line":67,"column":21}},"67":{"start":{"line":68,"column":0},"end":{"line":68,"column":42}},"68":{"start":{"line":69,"column":0},"end":{"line":69,"column":24}},"69":{"start":{"line":70,"column":0},"end":{"line":70,"column":31}},"70":{"start":{"line":71,"column":0},"end":{"line":71,"column":14}},"71":{"start":{"line":72,"column":0},"end":{"line":72,"column":43}},"72":{"start":{"line":73,"column":0},"end":{"line":73,"column":58}},"74":{"start":{"line":75,"column":0},"end":{"line":75,"column":31}},"75":{"start":{"line":76,"column":0},"end":{"line":76,"column":40}},"76":{"start":{"line":77,"column":0},"end":{"line":77,"column":34}},"77":{"start":{"line":78,"column":0},"end":{"line":78,"column":23}},"79":{"start":{"line":80,"column":0},"end":{"line":80,"column":71}},"80":{"start":{"line":81,"column":0},"end":{"line":81,"column":45}},"81":{"start":{"line":82,"column":0},"end":{"line":82,"column":57}},"82":{"start":{"line":83,"column":0},"end":{"line":83,"column":9}},"83":{"start":{"line":84,"column":0},"end":{"line":84,"column":19}},"84":{"start":{"line":85,"column":0},"end":{"line":85,"column":9}},"86":{"start":{"line":87,"column":0},"end":{"line":87,"column":7}},"88":{"start":{"line":89,"column":0},"end":{"line":89,"column":26}},"89":{"start":{"line":90,"column":0},"end":{"line":90,"column":2}},"91":{"start":{"line":92,"column":0},"end":{"line":92,"column":46}},"93":{"start":{"line":94,"column":0},"end":{"line":94,"column":33}},"94":{"start":{"line":95,"column":0},"end":{"line":95,"column":24}},"95":{"start":{"line":96,"column":0},"end":{"line":96,"column":21}},"96":{"start":{"line":97,"column":0},"end":{"line":97,"column":28}},"97":{"start":{"line":98,"column":0},"end":{"line":98,"column":47}},"98":{"start":{"line":99,"column":0},"end":{"line":99,"column":35}},"99":{"start":{"line":100,"column":0},"end":{"line":100,"column":27}},"100":{"start":{"line":101,"column":0},"end":{"line":101,"column":42}},"101":{"start":{"line":102,"column":0},"end":{"line":102,"column":30}},"102":{"start":{"line":103,"column":0},"end":{"line":103,"column":39}},"103":{"start":{"line":104,"column":0},"end":{"line":104,"column":2}},"105":{"start":{"line":106,"column":0},"end":{"line":106,"column":20}},"108":{"start":{"line":109,"column":0},"end":{"line":109,"column":65}},"109":{"start":{"line":110,"column":0},"end":{"line":110,"column":56}},"110":{"start":{"line":111,"column":0},"end":{"line":111,"column":2}},"112":{"start":{"line":113,"column":0},"end":{"line":113,"column":65}},"113":{"start":{"line":114,"column":0},"end":{"line":114,"column":1}},"118":{"start":{"line":119,"column":0},"end":{"line":119,"column":48}},"119":{"start":{"line":120,"column":0},"end":{"line":120,"column":10}},"120":{"start":{"line":121,"column":0},"end":{"line":121,"column":28}},"121":{"start":{"line":122,"column":0},"end":{"line":122,"column":9}},"122":{"start":{"line":123,"column":0},"end":{"line":123,"column":35}},"124":{"start":{"line":125,"column":0},"end":{"line":125,"column":46}},"127":{"start":{"line":128,"column":0},"end":{"line":128,"column":53}},"128":{"start":{"line":129,"column":0},"end":{"line":129,"column":78}},"129":{"start":{"line":130,"column":0},"end":{"line":130,"column":11}},"132":{"start":{"line":133,"column":0},"end":{"line":133,"column":26}},"133":{"start":{"line":134,"column":0},"end":{"line":134,"column":46}},"134":{"start":{"line":135,"column":0},"end":{"line":135,"column":13}},"135":{"start":{"line":136,"column":0},"end":{"line":136,"column":50}},"136":{"start":{"line":137,"column":0},"end":{"line":137,"column":8}},"137":{"start":{"line":138,"column":0},"end":{"line":138,"column":16}},"139":{"start":{"line":140,"column":0},"end":{"line":140,"column":73}},"140":{"start":{"line":141,"column":0},"end":{"line":141,"column":8}},"141":{"start":{"line":142,"column":0},"end":{"line":142,"column":10}},"142":{"start":{"line":143,"column":0},"end":{"line":143,"column":48}},"143":{"start":{"line":144,"column":0},"end":{"line":144,"column":2}},"146":{"start":{"line":147,"column":0},"end":{"line":147,"column":46}},"147":{"start":{"line":148,"column":0},"end":{"line":148,"column":14}},"148":{"start":{"line":149,"column":0},"end":{"line":149,"column":75}},"150":{"start":{"line":151,"column":0},"end":{"line":151,"column":65}},"151":{"start":{"line":152,"column":0},"end":{"line":152,"column":46}},"153":{"start":{"line":154,"column":0},"end":{"line":154,"column":9}},"154":{"start":{"line":155,"column":0},"end":{"line":155,"column":34}},"155":{"start":{"line":156,"column":0},"end":{"line":156,"column":38}},"156":{"start":{"line":157,"column":0},"end":{"line":157,"column":35}},"157":{"start":{"line":158,"column":0},"end":{"line":158,"column":66}},"158":{"start":{"line":159,"column":0},"end":{"line":159,"column":6}},"159":{"start":{"line":160,"column":0},"end":{"line":160,"column":46}},"160":{"start":{"line":161,"column":0},"end":{"line":161,"column":21}},"161":{"start":{"line":162,"column":0},"end":{"line":162,"column":61}},"162":{"start":{"line":163,"column":0},"end":{"line":163,"column":5}},"163":{"start":{"line":164,"column":0},"end":{"line":164,"column":4}},"164":{"start":{"line":165,"column":0},"end":{"line":165,"column":8}},"166":{"start":{"line":167,"column":0},"end":{"line":167,"column":13}},"167":{"start":{"line":168,"column":0},"end":{"line":168,"column":41}},"168":{"start":{"line":169,"column":0},"end":{"line":169,"column":44}},"169":{"start":{"line":170,"column":0},"end":{"line":170,"column":20}},"170":{"start":{"line":171,"column":0},"end":{"line":171,"column":15}},"171":{"start":{"line":172,"column":0},"end":{"line":172,"column":41}},"172":{"start":{"line":173,"column":0},"end":{"line":173,"column":7}},"173":{"start":{"line":174,"column":0},"end":{"line":174,"column":25}},"174":{"start":{"line":175,"column":0},"end":{"line":175,"column":25}},"175":{"start":{"line":176,"column":0},"end":{"line":176,"column":61}},"176":{"start":{"line":177,"column":0},"end":{"line":177,"column":6}},"177":{"start":{"line":178,"column":0},"end":{"line":178,"column":4}},"178":{"start":{"line":179,"column":0},"end":{"line":179,"column":8}},"180":{"start":{"line":181,"column":0},"end":{"line":181,"column":10}},"181":{"start":{"line":182,"column":0},"end":{"line":182,"column":40}},"182":{"start":{"line":183,"column":0},"end":{"line":183,"column":2}},"183":{"start":{"line":184,"column":0},"end":{"line":184,"column":1}},"188":{"start":{"line":189,"column":0},"end":{"line":189,"column":80}},"189":{"start":{"line":190,"column":0},"end":{"line":190,"column":65}},"190":{"start":{"line":191,"column":0},"end":{"line":191,"column":1}},"195":{"start":{"line":196,"column":0},"end":{"line":196,"column":64}},"196":{"start":{"line":197,"column":0},"end":{"line":197,"column":28}},"197":{"start":{"line":198,"column":0},"end":{"line":198,"column":1}},"204":{"start":{"line":205,"column":0},"end":{"line":205,"column":76}},"205":{"start":{"line":206,"column":0},"end":{"line":206,"column":45}},"206":{"start":{"line":207,"column":0},"end":{"line":207,"column":21}},"209":{"start":{"line":210,"column":0},"end":{"line":210,"column":44}},"210":{"start":{"line":211,"column":0},"end":{"line":211,"column":23}},"211":{"start":{"line":212,"column":0},"end":{"line":212,"column":55}},"212":{"start":{"line":213,"column":0},"end":{"line":213,"column":2}},"215":{"start":{"line":216,"column":0},"end":{"line":216,"column":23}},"216":{"start":{"line":217,"column":0},"end":{"line":217,"column":40}},"217":{"start":{"line":218,"column":0},"end":{"line":218,"column":2}},"219":{"start":{"line":220,"column":0},"end":{"line":220,"column":28}},"220":{"start":{"line":221,"column":0},"end":{"line":221,"column":1}},"225":{"start":{"line":226,"column":0},"end":{"line":226,"column":48}},"226":{"start":{"line":227,"column":0},"end":{"line":227,"column":28}},"229":{"start":{"line":230,"column":0},"end":{"line":230,"column":53}},"232":{"start":{"line":233,"column":0},"end":{"line":233,"column":39}},"235":{"start":{"line":236,"column":0},"end":{"line":236,"column":36}},"238":{"start":{"line":239,"column":0},"end":{"line":239,"column":34}},"239":{"start":{"line":240,"column":0},"end":{"line":240,"column":16}},"240":{"start":{"line":241,"column":0},"end":{"line":241,"column":21}},"241":{"start":{"line":242,"column":0},"end":{"line":242,"column":59}},"243":{"start":{"line":244,"column":0},"end":{"line":244,"column":54}},"244":{"start":{"line":245,"column":0},"end":{"line":245,"column":60}},"245":{"start":{"line":246,"column":0},"end":{"line":246,"column":5}},"246":{"start":{"line":247,"column":0},"end":{"line":247,"column":51}},"247":{"start":{"line":248,"column":0},"end":{"line":248,"column":5}},"248":{"start":{"line":249,"column":0},"end":{"line":249,"column":13}},"249":{"start":{"line":250,"column":0},"end":{"line":250,"column":3}},"252":{"start":{"line":253,"column":0},"end":{"line":253,"column":39}},"253":{"start":{"line":254,"column":0},"end":{"line":254,"column":1}},"258":{"start":{"line":259,"column":0},"end":{"line":259,"column":64}},"259":{"start":{"line":260,"column":0},"end":{"line":260,"column":57}},"260":{"start":{"line":261,"column":0},"end":{"line":261,"column":38}},"261":{"start":{"line":262,"column":0},"end":{"line":262,"column":38}},"262":{"start":{"line":263,"column":0},"end":{"line":263,"column":13}},"263":{"start":{"line":264,"column":0},"end":{"line":264,"column":22}},"264":{"start":{"line":265,"column":0},"end":{"line":265,"column":29}},"265":{"start":{"line":266,"column":0},"end":{"line":266,"column":10}},"266":{"start":{"line":267,"column":0},"end":{"line":267,"column":29}},"267":{"start":{"line":268,"column":0},"end":{"line":268,"column":25}},"268":{"start":{"line":269,"column":0},"end":{"line":269,"column":1}}},"s":{"24":0,"29":0,"30":0,"31":0,"32":0,"34":0,"35":0,"36":0,"39":0,"40":0,"41":0,"42":0,"43":0,"45":0,"46":0,"47":0,"48":0,"49":0,"54":0,"55":0,"56":0,"57":0,"58":0,"59":0,"60":0,"61":0,"62":0,"65":0,"66":0,"67":0,"68":0,"69":0,"70":0,"71":0,"72":0,"74":0,"75":0,"76":0,"77":0,"79":0,"80":0,"81":0,"82":0,"83":0,"84":0,"86":0,"88":0,"89":0,"91":0,"93":0,"94":0,"95":0,"96":0,"97":0,"98":0,"99":0,"100":0,"101":0,"102":0,"103":0,"105":0,"108":0,"109":0,"110":0,"112":0,"113":0,"118":0,"119":0,"120":0,"121":0,"122":0,"124":0,"127":0,"128":0,"129":0,"132":0,"133":0,"134":0,"135":0,"136":0,"137":0,"139":0,"140":0,"141":0,"142":0,"143":0,"146":0,"147":0,"148":0,"150":0,"151":0,"153":0,"154":0,"155":0,"156":0,"157":0,"158":0,"159":0,"160":0,"161":0,"162":0,"163":0,"164":0,"166":0,"167":0,"168":0,"169":0,"170":0,"171":0,"172":0,"173":0,"174":0,"175":0,"176":0,"177":0,"178":0,"180":0,"181":0,"182":0,"183":0,"188":0,"189":0,"190":0,"195":0,"196":0,"197":0,"204":0,"205":0,"206":0,"209":0,"210":0,"211":0,"212":0,"215":0,"216":0,"217":0,"219":0,"220":0,"225":0,"226":0,"229":0,"232":0,"235":0,"238":0,"239":0,"240":0,"241":0,"243":0,"244":0,"245":0,"246":0,"247":0,"248":0,"249":0,"252":0,"253":0,"258":0,"259":0,"260":0,"261":0,"262":0,"263":0,"264":0,"265":0,"266":0,"267":0,"268":0},"branchMap":{"0":{"type":"branch","line":1,"loc":{"start":{"line":1,"column":6887},"end":{"line":269,"column":1}},"locations":[{"start":{"line":1,"column":6887},"end":{"line":269,"column":1}}]}},"b":{"0":[1]},"fnMap":{"0":{"name":"(empty-report)","decl":{"start":{"line":1,"column":6887},"end":{"line":269,"column":1}},"loc":{"start":{"line":1,"column":6887},"end":{"line":269,"column":1}},"line":1}},"f":{"0":1}}
,"/Users/mike/Projects/valtio-persist/src/index.ts": {"path":"/Users/mike/Projects/valtio-persist/src/index.ts","all":false,"statementMap":{"0":{"start":{"line":1,"column":0},"end":{"line":1,"column":66}},"7":{"start":{"line":8,"column":0},"end":{"line":8,"column":61}},"8":{"start":{"line":9,"column":0},"end":{"line":9,"column":54}},"9":{"start":{"line":10,"column":0},"end":{"line":10,"column":64}},"10":{"start":{"line":11,"column":0},"end":{"line":11,"column":47}},"16":{"start":{"line":17,"column":0},"end":{"line":17,"column":25}},"42":{"start":{"line":43,"column":0},"end":{"line":43,"column":42}},"43":{"start":{"line":44,"column":0},"end":{"line":44,"column":17}},"44":{"start":{"line":45,"column":0},"end":{"line":45,"column":13}},"45":{"start":{"line":46,"column":0},"end":{"line":46,"column":29}},"46":{"start":{"line":47,"column":0},"end":{"line":47,"column":21}},"47":{"start":{"line":48,"column":0},"end":{"line":48,"column":25}},"48":{"start":{"line":49,"column":0},"end":{"line":49,"column":40}},"49":{"start":{"line":50,"column":0},"end":{"line":50,"column":51}},"50":{"start":{"line":51,"column":0},"end":{"line":51,"column":38}},"51":{"start":{"line":52,"column":0},"end":{"line":52,"column":28}},"52":{"start":{"line":53,"column":0},"end":{"line":53,"column":20}},"53":{"start":{"line":54,"column":0},"end":{"line":54,"column":27}},"54":{"start":{"line":55,"column":0},"end":{"line":55,"column":2}},"56":{"start":{"line":57,"column":0},"end":{"line":57,"column":44}},"59":{"start":{"line":60,"column":0},"end":{"line":60,"column":48}},"62":{"start":{"line":63,"column":0},"end":{"line":63,"column":45}},"63":{"start":{"line":64,"column":0},"end":{"line":64,"column":31}},"65":{"start":{"line":66,"column":0},"end":{"line":66,"column":28}},"66":{"start":{"line":67,"column":0},"end":{"line":67,"column":64}},"67":{"start":{"line":68,"column":0},"end":{"line":68,"column":34}},"68":{"start":{"line":69,"column":0},"end":{"line":69,"column":4}},"69":{"start":{"line":70,"column":0},"end":{"line":70,"column":28}},"70":{"start":{"line":71,"column":0},"end":{"line":71,"column":64}},"71":{"start":{"line":72,"column":0},"end":{"line":72,"column":34}},"72":{"start":{"line":73,"column":0},"end":{"line":73,"column":4}},"73":{"start":{"line":74,"column":0},"end":{"line":74,"column":31}},"74":{"start":{"line":75,"column":0},"end":{"line":75,"column":70}},"75":{"start":{"line":76,"column":0},"end":{"line":76,"column":37}},"76":{"start":{"line":77,"column":0},"end":{"line":77,"column":4}},"77":{"start":{"line":78,"column":0},"end":{"line":78,"column":45}},"78":{"start":{"line":79,"column":0},"end":{"line":79,"column":4}},"79":{"start":{"line":80,"column":0},"end":{"line":80,"column":3}},"81":{"start":{"line":82,"column":0},"end":{"line":82,"column":65}},"82":{"start":{"line":83,"column":0},"end":{"line":83,"column":40}},"83":{"start":{"line":84,"column":0},"end":{"line":84,"column":62}},"86":{"start":{"line":87,"column":0},"end":{"line":87,"column":30}},"89":{"start":{"line":90,"column":0},"end":{"line":90,"column":45}},"90":{"start":{"line":91,"column":0},"end":{"line":91,"column":41}},"91":{"start":{"line":92,"column":0},"end":{"line":92,"column":19}},"92":{"start":{"line":93,"column":0},"end":{"line":93,"column":46}},"93":{"start":{"line":94,"column":0},"end":{"line":94,"column":48}},"94":{"start":{"line":95,"column":0},"end":{"line":95,"column":3}},"95":{"start":{"line":96,"column":0},"end":{"line":96,"column":2}},"98":{"start":{"line":99,"column":0},"end":{"line":99,"column":32}},"101":{"start":{"line":102,"column":0},"end":{"line":102,"column":46}},"103":{"start":{"line":104,"column":0},"end":{"line":104,"column":9}},"104":{"start":{"line":105,"column":0},"end":{"line":105,"column":12}},"105":{"start":{"line":106,"column":0},"end":{"line":106,"column":41}},"106":{"start":{"line":107,"column":0},"end":{"line":107,"column":21}},"107":{"start":{"line":108,"column":0},"end":{"line":108,"column":48}},"108":{"start":{"line":109,"column":0},"end":{"line":109,"column":57}},"110":{"start":{"line":111,"column":0},"end":{"line":111,"column":36}},"111":{"start":{"line":112,"column":0},"end":{"line":112,"column":5}},"112":{"start":{"line":113,"column":0},"end":{"line":113,"column":5}},"113":{"start":{"line":114,"column":0},"end":{"line":114,"column":27}},"114":{"start":{"line":115,"column":0},"end":{"line":115,"column":50}},"115":{"start":{"line":116,"column":0},"end":{"line":116,"column":5}},"116":{"start":{"line":117,"column":0},"end":{"line":117,"column":2}},"118":{"start":{"line":119,"column":0},"end":{"line":119,"column":36}},"121":{"start":{"line":122,"column":0},"end":{"line":122,"column":28}},"122":{"start":{"line":123,"column":0},"end":{"line":123,"column":38}},"125":{"start":{"line":126,"column":0},"end":{"line":126,"column":52}},"126":{"start":{"line":127,"column":0},"end":{"line":127,"column":75}},"127":{"start":{"line":128,"column":0},"end":{"line":128,"column":3}},"129":{"start":{"line":130,"column":0},"end":{"line":130,"column":44}},"132":{"start":{"line":133,"column":0},"end":{"line":133,"column":24}},"133":{"start":{"line":134,"column":0},"end":{"line":134,"column":35}},"134":{"start":{"line":135,"column":0},"end":{"line":135,"column":27}},"135":{"start":{"line":136,"column":0},"end":{"line":136,"column":3}},"137":{"start":{"line":138,"column":0},"end":{"line":138,"column":37}},"138":{"start":{"line":139,"column":0},"end":{"line":139,"column":2}},"141":{"start":{"line":142,"column":0},"end":{"line":142,"column":61}},"144":{"start":{"line":145,"column":0},"end":{"line":145,"column":25}},"145":{"start":{"line":146,"column":0},"end":{"line":146,"column":38}},"147":{"start":{"line":148,"column":0},"end":{"line":148,"column":51}},"148":{"start":{"line":149,"column":0},"end":{"line":149,"column":21}},"149":{"start":{"line":150,"column":0},"end":{"line":150,"column":3}},"152":{"start":{"line":153,"column":0},"end":{"line":153,"column":30}},"153":{"start":{"line":154,"column":0},"end":{"line":154,"column":3}},"156":{"start":{"line":157,"column":0},"end":{"line":157,"column":9}},"157":{"start":{"line":158,"column":0},"end":{"line":158,"column":8}},"158":{"start":{"line":159,"column":0},"end":{"line":159,"column":23}},"159":{"start":{"line":160,"column":0},"end":{"line":160,"column":35}},"160":{"start":{"line":161,"column":0},"end":{"line":161,"column":24}},"161":{"start":{"line":162,"column":0},"end":{"line":162,"column":44}},"162":{"start":{"line":163,"column":0},"end":{"line":163,"column":20}},"163":{"start":{"line":164,"column":0},"end":{"line":164,"column":47}},"164":{"start":{"line":165,"column":0},"end":{"line":165,"column":56}},"165":{"start":{"line":166,"column":0},"end":{"line":166,"column":37}},"166":{"start":{"line":167,"column":0},"end":{"line":167,"column":15}},"167":{"start":{"line":168,"column":0},"end":{"line":168,"column":4}},"168":{"start":{"line":169,"column":0},"end":{"line":169,"column":15}},"169":{"start":{"line":170,"column":0},"end":{"line":170,"column":4}},"170":{"start":{"line":171,"column":0},"end":{"line":171,"column":2}},"171":{"start":{"line":172,"column":0},"end":{"line":172,"column":1}}},"s":{"0":1,"7":1,"8":1,"9":1,"10":1,"16":1,"42":1,"43":19,"44":19,"45":19,"46":19,"47":19,"48":19,"49":19,"50":19,"51":19,"52":19,"53":19,"54":19,"56":19,"59":19,"62":19,"63":19,"65":77,"66":0,"67":0,"68":0,"69":77,"70":0,"71":0,"72":0,"73":77,"74":0,"75":0,"76":0,"77":77,"78":77,"79":19,"81":19,"82":19,"83":19,"86":19,"89":19,"90":18,"91":18,"92":5,"93":5,"94":5,"95":18,"98":19,"101":19,"103":0,"104":0,"105":0,"106":0,"107":0,"108":0,"110":0,"111":0,"112":0,"113":0,"114":0,"115":0,"116":0,"118":19,"121":19,"122":10,"125":10,"126":1,"127":1,"129":9,"132":9,"133":9,"134":9,"135":9,"137":0,"138":10,"141":19,"144":19,"145":12,"147":12,"148":11,"149":11,"152":12,"153":19,"156":19,"157":19,"158":19,"159":19,"160":19,"161":1,"162":1,"163":1,"164":1,"165":1,"166":1,"167":1,"168":0,"169":1,"170":19,"171":19},"branchMap":{"0":{"type":"branch","line":43,"loc":{"start":{"line":43,"column":7},"end":{"line":172,"column":1}},"locations":[{"start":{"line":43,"column":7},"end":{"line":172,"column":1}}]},"1":{"type":"branch","line":90,"loc":{"start":{"line":90,"column":5},"end":{"line":90,"column":44}},"locations":[{"start":{"line":90,"column":5},"end":{"line":90,"column":44}}]},"2":{"type":"branch","line":90,"loc":{"start":{"line":90,"column":44},"end":{"line":96,"column":2}},"locations":[{"start":{"line":90,"column":44},"end":{"line":96,"column":2}}]},"3":{"type":"branch","line":92,"loc":{"start":{"line":92,"column":18},"end":{"line":95,"column":3}},"locations":[{"start":{"line":92,"column":18},"end":{"line":95,"column":3}}]},"4":{"type":"branch","line":102,"loc":{"start":{"line":102,"column":5},"end":{"line":102,"column":45}},"locations":[{"start":{"line":102,"column":5},"end":{"line":102,"column":45}}]},"5":{"type":"branch","line":102,"loc":{"start":{"line":102,"column":45},"end":{"line":117,"column":2}},"locations":[{"start":{"line":102,"column":45},"end":{"line":117,"column":2}}]},"6":{"type":"branch","line":52,"loc":{"start":{"line":52,"column":17},"end":{"line":52,"column":28}},"locations":[{"start":{"line":52,"column":17},"end":{"line":52,"column":28}}]},"7":{"type":"branch","line":64,"loc":{"start":{"line":64,"column":2},"end":{"line":79,"column":4}},"locations":[{"start":{"line":64,"column":2},"end":{"line":79,"column":4}}]},"8":{"type":"branch","line":66,"loc":{"start":{"line":66,"column":27},"end":{"line":69,"column":4}},"locations":[{"start":{"line":66,"column":27},"end":{"line":69,"column":4}}]},"9":{"type":"branch","line":70,"loc":{"start":{"line":70,"column":27},"end":{"line":73,"column":4}},"locations":[{"start":{"line":70,"column":27},"end":{"line":73,"column":4}}]},"10":{"type":"branch","line":74,"loc":{"start":{"line":74,"column":30},"end":{"line":77,"column":4}},"locations":[{"start":{"line":74,"column":30},"end":{"line":77,"column":4}}]},"11":{"type":"branch","line":122,"loc":{"start":{"line":122,"column":21},"end":{"line":139,"column":2}},"locations":[{"start":{"line":122,"column":21},"end":{"line":139,"column":2}}]},"12":{"type":"branch","line":126,"loc":{"start":{"line":126,"column":51},"end":{"line":128,"column":3}},"locations":[{"start":{"line":126,"column":51},"end":{"line":128,"column":3}}]},"13":{"type":"branch","line":128,"loc":{"start":{"line":128,"column":2},"end":{"line":136,"column":3}},"locations":[{"start":{"line":128,"column":2},"end":{"line":136,"column":3}}]},"14":{"type":"branch","line":136,"loc":{"start":{"line":136,"column":2},"end":{"line":138,"column":37}},"locations":[{"start":{"line":136,"column":2},"end":{"line":138,"column":37}}]},"15":{"type":"branch","line":145,"loc":{"start":{"line":145,"column":18},"end":{"line":154,"column":2}},"locations":[{"start":{"line":145,"column":18},"end":{"line":154,"column":2}}]},"16":{"type":"branch","line":148,"loc":{"start":{"line":148,"column":50},"end":{"line":150,"column":3}},"locations":[{"start":{"line":148,"column":50},"end":{"line":150,"column":3}}]},"17":{"type":"branch","line":160,"loc":{"start":{"line":160,"column":9},"end":{"line":160,"column":35}},"locations":[{"start":{"line":160,"column":9},"end":{"line":160,"column":35}}]},"18":{"type":"branch","line":161,"loc":{"start":{"line":161,"column":11},"end":{"line":170,"column":4}},"locations":[{"start":{"line":161,"column":11},"end":{"line":170,"column":4}}]},"19":{"type":"branch","line":168,"loc":{"start":{"line":168,"column":3},"end":{"line":169,"column":15}},"locations":[{"start":{"line":168,"column":3},"end":{"line":169,"column":15}}]}},"b":{"0":[19],"1":[18],"2":[18],"3":[5],"4":[18],"5":[0],"6":[18],"7":[77],"8":[0],"9":[0],"10":[0],"11":[10],"12":[1],"13":[9],"14":[0],"15":[12],"16":[11],"17":[1],"18":[1],"19":[0]},"fnMap":{"0":{"name":"persist","decl":{"start":{"line":43,"column":7},"end":{"line":172,"column":1}},"loc":{"start":{"line":43,"column":7},"end":{"line":172,"column":1}},"line":43},"1":{"name":"shouldPersist","decl":{"start":{"line":52,"column":17},"end":{"line":52,"column":28}},"loc":{"start":{"line":52,"column":17},"end":{"line":52,"column":28}},"line":52},"2":{"name":"get","decl":{"start":{"line":64,"column":2},"end":{"line":79,"column":4}},"loc":{"start":{"line":64,"column":2},"end":{"line":79,"column":4}},"line":64},"3":{"name":"persistData","decl":{"start":{"line":122,"column":21},"end":{"line":139,"column":2}},"loc":{"start":{"line":122,"column":21},"end":{"line":139,"column":2}},"line":122},"4":{"name":"clear","decl":{"start":{"line":160,"column":9},"end":{"line":160,"column":35}},"loc":{"start":{"line":160,"column":9},"end":{"line":160,"column":35}},"line":160},"5":{"name":"restore","decl":{"start":{"line":161,"column":11},"end":{"line":170,"column":4}},"loc":{"start":{"line":161,"column":11},"end":{"line":170,"column":4}},"line":161}},"f":{"0":19,"1":18,"2":77,"3":10,"4":1,"5":1}}
,"/Users/mike/Projects/valtio-persist/src/queue.ts": {"path":"/Users/mike/Projects/valtio-persist/src/queue.ts","all":true,"statementMap":{"0":{"start":{"line":1,"column":0},"end":{"line":1,"column":33}},"4":{"start":{"line":5,"column":0},"end":{"line":5,"column":27}},"5":{"start":{"line":6,"column":0},"end":{"line":6,"column":39}},"6":{"start":{"line":7,"column":0},"end":{"line":7,"column":27}},"7":{"start":{"line":8,"column":0},"end":{"line":8,"column":39}},"8":{"start":{"line":9,"column":0},"end":{"line":9,"column":67}},"9":{"start":{"line":10,"column":0},"end":{"line":10,"column":29}},"11":{"start":{"line":12,"column":0},"end":{"line":12,"column":33}},"12":{"start":{"line":13,"column":0},"end":{"line":13,"column":34}},"13":{"start":{"line":14,"column":0},"end":{"line":14,"column":2}},"15":{"start":{"line":16,"column":0},"end":{"line":16,"column":5}},"16":{"start":{"line":17,"column":0},"end":{"line":17,"column":29}},"17":{"start":{"line":18,"column":0},"end":{"line":18,"column":52}},"18":{"start":{"line":19,"column":0},"end":{"line":19,"column":4}},"20":{"start":{"line":21,"column":0},"end":{"line":21,"column":27}},"21":{"start":{"line":22,"column":0},"end":{"line":22,"column":35}},"22":{"start":{"line":23,"column":0},"end":{"line":23,"column":3}},"25":{"start":{"line":26,"column":0},"end":{"line":26,"column":41}},"27":{"start":{"line":28,"column":0},"end":{"line":28,"column":38}},"30":{"start":{"line":31,"column":0},"end":{"line":31,"column":60}},"31":{"start":{"line":32,"column":0},"end":{"line":32,"column":22}},"32":{"start":{"line":33,"column":0},"end":{"line":33,"column":23}},"33":{"start":{"line":34,"column":0},"end":{"line":34,"column":2}},"35":{"start":{"line":36,"column":0},"end":{"line":36,"column":31}},"36":{"start":{"line":37,"column":0},"end":{"line":37,"column":56}},"38":{"start":{"line":39,"column":0},"end":{"line":39,"column":24}},"39":{"start":{"line":40,"column":0},"end":{"line":40,"column":38}},"40":{"start":{"line":41,"column":0},"end":{"line":41,"column":18}},"41":{"start":{"line":42,"column":0},"end":{"line":42,"column":47}},"42":{"start":{"line":43,"column":0},"end":{"line":43,"column":15}},"43":{"start":{"line":44,"column":0},"end":{"line":44,"column":57}},"44":{"start":{"line":45,"column":0},"end":{"line":45,"column":4}},"45":{"start":{"line":46,"column":0},"end":{"line":46,"column":3}},"46":{"start":{"line":47,"column":0},"end":{"line":47,"column":25}},"47":{"start":{"line":48,"column":0},"end":{"line":48,"column":21}},"48":{"start":{"line":49,"column":0},"end":{"line":49,"column":2}},"49":{"start":{"line":50,"column":0},"end":{"line":50,"column":1}},"51":{"start":{"line":52,"column":0},"end":{"line":52,"column":46}}},"s":{"0":0,"4":0,"5":0,"6":0,"7":0,"8":0,"9":0,"11":0,"12":0,"13":0,"15":0,"16":0,"17":0,"18":0,"20":0,"21":0,"22":0,"25":0,"27":0,"30":0,"31":0,"32":0,"33":0,"35":0,"36":0,"38":0,"39":0,"40":0,"41":0,"42":0,"43":0,"44":0,"45":0,"46":0,"47":0,"48":0,"49":0,"51":0},"branchMap":{"0":{"type":"branch","line":1,"loc":{"start":{"line":1,"column":1348},"end":{"line":52,"column":46}},"locations":[{"start":{"line":1,"column":1348},"end":{"line":52,"column":46}}]}},"b":{"0":[0]},"fnMap":{"0":{"name":"(empty-report)","decl":{"start":{"line":1,"column":1348},"end":{"line":52,"column":46}},"loc":{"start":{"line":1,"column":1348},"end":{"line":52,"column":46}},"line":1}},"f":{"0":0}}
,"/Users/mike/Projects/valtio-persist/src/types.ts": {"path":"/Users/mike/Projects/valtio-persist/src/types.ts","all":true,"statementMap":{},"s":{},"branchMap":{"0":{"type":"branch","line":1,"loc":{"start":{"line":1,"column":2435},"end":{"line":110,"column":1}},"locations":[{"start":{"line":1,"column":2435},"end":{"line":110,"column":1}}]}},"b":{"0":[1]},"fnMap":{"0":{"name":"(empty-report)","decl":{"start":{"line":1,"column":2435},"end":{"line":110,"column":1}},"loc":{"start":{"line":1,"column":2435},"end":{"line":110,"column":1}},"line":1}},"f":{"0":1}}
,"/Users/mike/Projects/valtio-persist/src/utils.ts": {"path":"/Users/mike/Projects/valtio-persist/src/utils.ts","all":false,"statementMap":{"15":{"start":{"line":16,"column":0},"end":{"line":16,"column":44}},"16":{"start":{"line":17,"column":0},"end":{"line":17,"column":21}},"17":{"start":{"line":18,"column":0},"end":{"line":18,"column":26}},"18":{"start":{"line":19,"column":0},"end":{"line":19,"column":6}},"19":{"start":{"line":20,"column":0},"end":{"line":20,"column":28}},"20":{"start":{"line":21,"column":0},"end":{"line":21,"column":30}},"21":{"start":{"line":22,"column":0},"end":{"line":22,"column":18}},"22":{"start":{"line":23,"column":0},"end":{"line":23,"column":42}},"23":{"start":{"line":24,"column":0},"end":{"line":24,"column":2}},"24":{"start":{"line":25,"column":0},"end":{"line":25,"column":1}},"29":{"start":{"line":30,"column":0},"end":{"line":30,"column":25}},"31":{"start":{"line":32,"column":0},"end":{"line":32,"column":70}},"32":{"start":{"line":33,"column":0},"end":{"line":33,"column":59}},"34":{"start":{"line":35,"column":0},"end":{"line":35,"column":18}},"36":{"start":{"line":37,"column":0},"end":{"line":37,"column":24}},"37":{"start":{"line":38,"column":0},"end":{"line":38,"column":28}},"38":{"start":{"line":39,"column":0},"end":{"line":39,"column":35}},"39":{"start":{"line":40,"column":0},"end":{"line":40,"column":28}},"40":{"start":{"line":41,"column":0},"end":{"line":41,"column":27}},"41":{"start":{"line":42,"column":0},"end":{"line":42,"column":4}},"43":{"start":{"line":44,"column":0},"end":{"line":44,"column":33}},"44":{"start":{"line":45,"column":0},"end":{"line":45,"column":56}},"45":{"start":{"line":46,"column":0},"end":{"line":46,"column":36}},"47":{"start":{"line":48,"column":0},"end":{"line":48,"column":47}},"48":{"start":{"line":49,"column":0},"end":{"line":49,"column":38}},"49":{"start":{"line":50,"column":0},"end":{"line":50,"column":7}},"50":{"start":{"line":51,"column":0},"end":{"line":51,"column":12}},"52":{"start":{"line":53,"column":0},"end":{"line":53,"column":37}},"53":{"start":{"line":54,"column":0},"end":{"line":54,"column":5}},"54":{"start":{"line":55,"column":0},"end":{"line":55,"column":20}},"55":{"start":{"line":56,"column":0},"end":{"line":56,"column":9}},"56":{"start":{"line":57,"column":0},"end":{"line":57,"column":4}},"57":{"start":{"line":58,"column":0},"end":{"line":58,"column":2}},"58":{"start":{"line":59,"column":0},"end":{"line":59,"column":1}},"61":{"start":{"line":62,"column":0},"end":{"line":62,"column":73}},"62":{"start":{"line":63,"column":0},"end":{"line":63,"column":43}},"63":{"start":{"line":64,"column":0},"end":{"line":64,"column":50}},"64":{"start":{"line":65,"column":0},"end":{"line":65,"column":2}},"65":{"start":{"line":66,"column":0},"end":{"line":66,"column":1}}},"s":{"15":0,"16":0,"17":0,"18":0,"19":0,"20":0,"21":0,"22":0,"23":0,"24":0,"29":1,"31":19,"32":19,"34":19,"36":11,"37":11,"38":11,"39":11,"40":0,"41":0,"43":11,"44":0,"45":0,"47":0,"48":0,"49":0,"50":0,"52":0,"53":0,"54":0,"55":11,"56":11,"57":11,"58":19,"61":1,"62":0,"63":0,"64":0,"65":0},"branchMap":{"0":{"type":"branch","line":30,"loc":{"start":{"line":30,"column":7},"end":{"line":59,"column":1}},"locations":[{"start":{"line":30,"column":7},"end":{"line":59,"column":1}}]},"1":{"type":"branch","line":35,"loc":{"start":{"line":35,"column":8},"end":{"line":58,"column":2}},"locations":[{"start":{"line":35,"column":8},"end":{"line":58,"column":2}}]},"2":{"type":"branch","line":39,"loc":{"start":{"line":39,"column":21},"end":{"line":57,"column":3}},"locations":[{"start":{"line":39,"column":21},"end":{"line":57,"column":3}}]},"3":{"type":"branch","line":40,"loc":{"start":{"line":40,"column":27},"end":{"line":42,"column":4}},"locations":[{"start":{"line":40,"column":27},"end":{"line":42,"column":4}}]}},"b":{"0":[19],"1":[11],"2":[11],"3":[0]},"fnMap":{"0":{"name":"attempt","decl":{"start":{"line":16,"column":0},"end":{"line":25,"column":1}},"loc":{"start":{"line":16,"column":0},"end":{"line":25,"column":1}},"line":16},"1":{"name":"debounce","decl":{"start":{"line":30,"column":7},"end":{"line":59,"column":1}},"loc":{"start":{"line":30,"column":7},"end":{"line":59,"column":1}},"line":30},"2":{"name":"updateStore","decl":{"start":{"line":62,"column":27},"end":{"line":66,"column":1}},"loc":{"start":{"line":62,"column":27},"end":{"line":66,"column":1}},"line":62}},"f":{"0":0,"1":19,"2":0}}
,"/Users/mike/Projects/valtio-persist/src/merge/deepMerge.ts": {"path":"/Users/mike/Projects/valtio-persist/src/merge/deepMerge.ts","all":false,"statementMap":{"1":{"start":{"line":2,"column":0},"end":{"line":2,"column":40}},"6":{"start":{"line":7,"column":0},"end":{"line":7,"column":63}},"8":{"start":{"line":9,"column":0},"end":{"line":9,"column":54}},"9":{"start":{"line":10,"column":0},"end":{"line":10,"column":59}},"10":{"start":{"line":11,"column":0},"end":{"line":11,"column":2}},"13":{"start":{"line":14,"column":0},"end":{"line":14,"column":69}},"14":{"start":{"line":15,"column":0},"end":{"line":15,"column":54}},"15":{"start":{"line":16,"column":0},"end":{"line":16,"column":16}},"16":{"start":{"line":17,"column":0},"end":{"line":17,"column":3}},"18":{"start":{"line":19,"column":0},"end":{"line":19,"column":54}},"19":{"start":{"line":20,"column":0},"end":{"line":20,"column":27}},"20":{"start":{"line":21,"column":0},"end":{"line":21,"column":3}},"22":{"start":{"line":23,"column":0},"end":{"line":23,"column":30}},"23":{"start":{"line":24,"column":0},"end":{"line":24,"column":32}},"24":{"start":{"line":25,"column":0},"end":{"line":25,"column":28}},"25":{"start":{"line":26,"column":0},"end":{"line":26,"column":4}},"27":{"start":{"line":28,"column":0},"end":{"line":28,"column":21}},"28":{"start":{"line":29,"column":0},"end":{"line":29,"column":3}},"30":{"start":{"line":31,"column":0},"end":{"line":31,"column":55}},"32":{"start":{"line":33,"column":0},"end":{"line":33,"column":29}},"33":{"start":{"line":34,"column":0},"end":{"line":34,"column":59}},"34":{"start":{"line":35,"column":0},"end":{"line":35,"column":64}},"35":{"start":{"line":36,"column":0},"end":{"line":36,"column":64}},"37":{"start":{"line":38,"column":0},"end":{"line":38,"column":58}},"38":{"start":{"line":39,"column":0},"end":{"line":39,"column":4}},"39":{"start":{"line":40,"column":0},"end":{"line":40,"column":3}},"41":{"start":{"line":42,"column":0},"end":{"line":42,"column":15}},"42":{"start":{"line":43,"column":0},"end":{"line":43,"column":2}},"43":{"start":{"line":44,"column":0},"end":{"line":44,"column":1}}},"s":{"1":1,"6":1,"8":1,"9":1,"10":1,"13":1,"14":6,"15":2,"16":2,"18":6,"19":0,"20":0,"22":6,"23":1,"24":0,"25":0,"27":1,"28":1,"30":3,"32":6,"33":5,"34":5,"35":5,"37":5,"38":5,"39":5,"41":3,"42":6,"43":1},"branchMap":{"0":{"type":"branch","line":9,"loc":{"start":{"line":9,"column":1},"end":{"line":43,"column":2}},"locations":[{"start":{"line":9,"column":1},"end":{"line":43,"column":2}}]},"1":{"type":"branch","line":9,"loc":{"start":{"line":9,"column":9},"end":{"line":11,"column":2}},"locations":[{"start":{"line":9,"column":9},"end":{"line":11,"column":2}}]},"2":{"type":"branch","line":14,"loc":{"start":{"line":14,"column":21},"end":{"line":43,"column":2}},"locations":[{"start":{"line":14,"column":21},"end":{"line":43,"column":2}}]},"3":{"type":"branch","line":15,"loc":{"start":{"line":15,"column":24},"end":{"line":15,"column":53}},"locations":[{"start":{"line":15,"column":24},"end":{"line":15,"column":53}}]},"4":{"type":"branch","line":15,"loc":{"start":{"line":15,"column":53},"end":{"line":17,"column":3}},"locations":[{"start":{"line":15,"column":53},"end":{"line":17,"column":3}}]},"5":{"type":"branch","line":17,"loc":{"start":{"line":17,"column":2},"end":{"line":19,"column":53}},"locations":[{"start":{"line":17,"column":2},"end":{"line":19,"column":53}}]},"6":{"type":"branch","line":19,"loc":{"start":{"line":19,"column":53},"end":{"line":21,"column":3}},"locations":[{"start":{"line":19,"column":53},"end":{"line":21,"column":3}}]},"7":{"type":"branch","line":21,"loc":{"start":{"line":21,"column":2},"end":{"line":23,"column":29}},"locations":[{"start":{"line":21,"column":2},"end":{"line":23,"column":29}}]},"8":{"type":"branch","line":23,"loc":{"start":{"line":23,"column":29},"end":{"line":29,"column":3}},"locations":[{"start":{"line":23,"column":29},"end":{"line":29,"column":3}}]},"9":{"type":"branch","line":24,"loc":{"start":{"line":24,"column":31},"end":{"line":26,"column":4}},"locations":[{"start":{"line":24,"column":31},"end":{"line":26,"column":4}}]},"10":{"type":"branch","line":29,"loc":{"start":{"line":29,"column":2},"end":{"line":33,"column":28}},"locations":[{"start":{"line":29,"column":2},"end":{"line":33,"column":28}}]},"11":{"type":"branch","line":33,"loc":{"start":{"line":33,"column":28},"end":{"line":40,"column":3}},"locations":[{"start":{"line":33,"column":28},"end":{"line":40,"column":3}}]},"12":{"type":"branch","line":40,"loc":{"start":{"line":40,"column":2},"end":{"line":42,"column":15}},"locations":[{"start":{"line":40,"column":2},"end":{"line":42,"column":15}}]}},"b":{"0":[1],"1":[1],"2":[6],"3":[4],"4":[2],"5":[4],"6":[0],"7":[4],"8":[1],"9":[0],"10":[3],"11":[5],"12":[3]},"fnMap":{"0":{"name":"<instance_members_initializer>","decl":{"start":{"line":9,"column":1},"end":{"line":43,"column":2}},"loc":{"start":{"line":9,"column":1},"end":{"line":43,"column":2}},"line":9},"1":{"name":"merge","decl":{"start":{"line":9,"column":9},"end":{"line":11,"column":2}},"loc":{"start":{"line":9,"column":9},"end":{"line":11,"column":2}},"line":9},"2":{"name":"deepMerge","decl":{"start":{"line":14,"column":21},"end":{"line":43,"column":2}},"loc":{"start":{"line":14,"column":21},"end":{"line":43,"column":2}},"line":14}},"f":{"0":1,"1":1,"2":6}}
,"/Users/mike/Projects/valtio-persist/src/merge/default.ts": {"path":"/Users/mike/Projects/valtio-persist/src/merge/default.ts","all":false,"statementMap":{"5":{"start":{"line":6,"column":0},"end":{"line":6,"column":66}},"6":{"start":{"line":7,"column":0},"end":{"line":7,"column":48}},"7":{"start":{"line":8,"column":0},"end":{"line":8,"column":48}},"8":{"start":{"line":9,"column":0},"end":{"line":9,"column":2}},"9":{"start":{"line":10,"column":0},"end":{"line":10,"column":1}}},"s":{"5":1,"6":1,"7":5,"8":5,"9":1},"branchMap":{"0":{"type":"branch","line":7,"loc":{"start":{"line":7,"column":1},"end":{"line":9,"column":2}},"locations":[{"start":{"line":7,"column":1},"end":{"line":9,"column":2}}]}},"b":{"0":[5]},"fnMap":{"0":{"name":"merge","decl":{"start":{"line":7,"column":1},"end":{"line":9,"column":2}},"loc":{"start":{"line":7,"column":1},"end":{"line":9,"column":2}},"line":7}},"f":{"0":5}}
,"/Users/mike/Projects/valtio-persist/src/serialization/json.ts": {"path":"/Users/mike/Projects/valtio-persist/src/serialization/json.ts","all":false,"statementMap":{"6":{"start":{"line":7,"column":0},"end":{"line":7,"column":79}},"7":{"start":{"line":8,"column":0},"end":{"line":8,"column":40}},"8":{"start":{"line":9,"column":0},"end":{"line":9,"column":31}},"9":{"start":{"line":10,"column":0},"end":{"line":10,"column":2}},"11":{"start":{"line":12,"column":0},"end":{"line":12,"column":31}},"12":{"start":{"line":13,"column":0},"end":{"line":13,"column":26}},"13":{"start":{"line":14,"column":0},"end":{"line":14,"column":2}},"14":{"start":{"line":15,"column":0},"end":{"line":15,"column":1}}},"s":{"6":1,"7":1,"8":8,"9":8,"11":1,"12":5,"13":5,"14":1},"branchMap":{"0":{"type":"branch","line":8,"loc":{"start":{"line":8,"column":1},"end":{"line":10,"column":2}},"locations":[{"start":{"line":8,"column":1},"end":{"line":10,"column":2}}]},"1":{"type":"branch","line":12,"loc":{"start":{"line":12,"column":1},"end":{"line":14,"column":2}},"locations":[{"start":{"line":12,"column":1},"end":{"line":14,"column":2}}]}},"b":{"0":[8],"1":[5]},"fnMap":{"0":{"name":"serialize","decl":{"start":{"line":8,"column":1},"end":{"line":10,"column":2}},"loc":{"start":{"line":8,"column":1},"end":{"line":10,"column":2}},"line":8},"1":{"name":"deserialize","decl":{"start":{"line":12,"column":1},"end":{"line":14,"column":2}},"loc":{"start":{"line":12,"column":1},"end":{"line":14,"column":2}},"line":12}},"f":{"0":8,"1":5}}
,"/Users/mike/Projects/valtio-persist/src/storage/index.ts": {"path":"/Users/mike/Projects/valtio-persist/src/storage/index.ts","all":false,"statementMap":{"4":{"start":{"line":5,"column":0},"end":{"line":5,"column":30}},"5":{"start":{"line":6,"column":0},"end":{"line":6,"column":32}},"6":{"start":{"line":7,"column":0},"end":{"line":7,"column":31}}},"s":{"4":1,"5":1,"6":1},"branchMap":{},"b":{},"fnMap":{},"f":{}}
,"/Users/mike/Projects/valtio-persist/src/storage/indexedDb.ts": {"path":"/Users/mike/Projects/valtio-persist/src/storage/indexedDb.ts","all":true,"statementMap":{"5":{"start":{"line":6,"column":0},"end":{"line":6,"column":59}},"6":{"start":{"line":7,"column":0},"end":{"line":7,"column":22}},"7":{"start":{"line":8,"column":0},"end":{"line":8,"column":32}},"8":{"start":{"line":9,"column":0},"end":{"line":9,"column":35}},"9":{"start":{"line":10,"column":0},"end":{"line":10,"column":38}},"11":{"start":{"line":12,"column":0},"end":{"line":12,"column":63}},"12":{"start":{"line":13,"column":0},"end":{"line":13,"column":22}},"13":{"start":{"line":14,"column":0},"end":{"line":14,"column":28}},"16":{"start":{"line":17,"column":0},"end":{"line":17,"column":41}},"17":{"start":{"line":18,"column":0},"end":{"line":18,"column":68}},"18":{"start":{"line":19,"column":0},"end":{"line":19,"column":3}},"22":{"start":{"line":23,"column":0},"end":{"line":23,"column":32}},"23":{"start":{"line":24,"column":0},"end":{"line":24,"column":56}},"24":{"start":{"line":25,"column":0},"end":{"line":25,"column":4}},"25":{"start":{"line":26,"column":0},"end":{"line":26,"column":2}},"27":{"start":{"line":28,"column":0},"end":{"line":28,"column":47}},"28":{"start":{"line":29,"column":0},"end":{"line":29,"column":16}},"29":{"start":{"line":30,"column":0},"end":{"line":30,"column":17}},"30":{"start":{"line":31,"column":0},"end":{"line":31,"column":3}},"32":{"start":{"line":33,"column":0},"end":{"line":33,"column":56}},"33":{"start":{"line":34,"column":0},"end":{"line":34,"column":49}},"35":{"start":{"line":36,"column":0},"end":{"line":36,"column":28}},"36":{"start":{"line":37,"column":0},"end":{"line":37,"column":65}},"37":{"start":{"line":38,"column":0},"end":{"line":38,"column":4}},"39":{"start":{"line":40,"column":0},"end":{"line":40,"column":30}},"40":{"start":{"line":41,"column":0},"end":{"line":41,"column":28}},"41":{"start":{"line":42,"column":0},"end":{"line":42,"column":20}},"42":{"start":{"line":43,"column":0},"end":{"line":43,"column":4}},"44":{"start":{"line":45,"column":0},"end":{"line":45,"column":41}},"45":{"start":{"line":46,"column":0},"end":{"line":46,"column":56}},"46":{"start":{"line":47,"column":0},"end":{"line":47,"column":56}},"47":{"start":{"line":48,"column":0},"end":{"line":48,"column":41}},"48":{"start":{"line":49,"column":0},"end":{"line":49,"column":5}},"49":{"start":{"line":50,"column":0},"end":{"line":50,"column":4}},"50":{"start":{"line":51,"column":0},"end":{"line":51,"column":4}},"51":{"start":{"line":52,"column":0},"end":{"line":52,"column":2}},"58":{"start":{"line":59,"column":0},"end":{"line":59,"column":43}},"59":{"start":{"line":60,"column":0},"end":{"line":60,"column":7}},"60":{"start":{"line":61,"column":0},"end":{"line":61,"column":33}},"62":{"start":{"line":63,"column":0},"end":{"line":63,"column":45}},"63":{"start":{"line":64,"column":0},"end":{"line":64,"column":9}},"65":{"start":{"line":66,"column":0},"end":{"line":66,"column":67}},"66":{"start":{"line":67,"column":0},"end":{"line":67,"column":58}},"69":{"start":{"line":70,"column":0},"end":{"line":70,"column":70}},"71":{"start":{"line":72,"column":0},"end":{"line":72,"column":30}},"73":{"start":{"line":74,"column":0},"end":{"line":74,"column":20}},"74":{"start":{"line":75,"column":0},"end":{"line":75,"column":6}},"76":{"start":{"line":77,"column":0},"end":{"line":77,"column":32}},"78":{"start":{"line":79,"column":0},"end":{"line":79,"column":43}},"79":{"start":{"line":80,"column":0},"end":{"line":80,"column":6}},"80":{"start":{"line":81,"column":0},"end":{"line":81,"column":21}},"81":{"start":{"line":82,"column":0},"end":{"line":82,"column":63}},"82":{"start":{"line":83,"column":0},"end":{"line":83,"column":19}},"83":{"start":{"line":84,"column":0},"end":{"line":84,"column":5}},"84":{"start":{"line":85,"column":0},"end":{"line":85,"column":5}},"85":{"start":{"line":86,"column":0},"end":{"line":86,"column":19}},"86":{"start":{"line":87,"column":0},"end":{"line":87,"column":47}},"87":{"start":{"line":88,"column":0},"end":{"line":88,"column":40}},"88":{"start":{"line":89,"column":0},"end":{"line":89,"column":3}},"89":{"start":{"line":90,"column":0},"end":{"line":90,"column":2}},"91":{"start":{"line":92,"column":0},"end":{"line":92,"column":49}},"92":{"start":{"line":93,"column":0},"end":{"line":93,"column":7}},"93":{"start":{"line":94,"column":0},"end":{"line":94,"column":33}},"95":{"start":{"line":96,"column":0},"end":{"line":96,"column":51}},"96":{"start":{"line":97,"column":0},"end":{"line":97,"column":9}},"97":{"start":{"line":98,"column":0},"end":{"line":98,"column":67}},"98":{"start":{"line":99,"column":0},"end":{"line":99,"column":58}},"99":{"start":{"line":100,"column":0},"end":{"line":100,"column":35}},"101":{"start":{"line":102,"column":0},"end":{"line":102,"column":30}},"103":{"start":{"line":104,"column":0},"end":{"line":104,"column":64}},"104":{"start":{"line":105,"column":0},"end":{"line":105,"column":19}},"105":{"start":{"line":106,"column":0},"end":{"line":106,"column":6}},"107":{"start":{"line":108,"column":0},"end":{"line":108,"column":32}},"108":{"start":{"line":109,"column":0},"end":{"line":109,"column":37}},"109":{"start":{"line":110,"column":0},"end":{"line":110,"column":6}},"110":{"start":{"line":111,"column":0},"end":{"line":111,"column":21}},"112":{"start":{"line":113,"column":0},"end":{"line":113,"column":70}},"113":{"start":{"line":114,"column":0},"end":{"line":114,"column":18}},"114":{"start":{"line":115,"column":0},"end":{"line":115,"column":5}},"115":{"start":{"line":116,"column":0},"end":{"line":116,"column":5}},"116":{"start":{"line":117,"column":0},"end":{"line":117,"column":19}},"117":{"start":{"line":118,"column":0},"end":{"line":118,"column":47}},"118":{"start":{"line":119,"column":0},"end":{"line":119,"column":14}},"119":{"start":{"line":120,"column":0},"end":{"line":120,"column":3}},"120":{"start":{"line":121,"column":0},"end":{"line":121,"column":2}},"122":{"start":{"line":123,"column":0},"end":{"line":123,"column":55}},"123":{"start":{"line":124,"column":0},"end":{"line":124,"column":7}},"124":{"start":{"line":125,"column":0},"end":{"line":125,"column":33}},"126":{"start":{"line":127,"column":0},"end":{"line":127,"column":42}},"127":{"start":{"line":128,"column":0},"end":{"line":128,"column":9}},"128":{"start":{"line":129,"column":0},"end":{"line":129,"column":68}},"129":{"start":{"line":130,"column":0},"end":{"line":130,"column":58}},"130":{"start":{"line":131,"column":0},"end":{"line":131,"column":42}},"132":{"start":{"line":133,"column":0},"end":{"line":133,"column":30}},"133":{"start":{"line":134,"column":0},"end":{"line":134,"column":62}},"134":{"start":{"line":135,"column":0},"end":{"line":135,"column":58}},"135":{"start":{"line":136,"column":0},"end":{"line":136,"column":6}},"137":{"start":{"line":138,"column":0},"end":{"line":138,"column":32}},"138":{"start":{"line":139,"column":0},"end":{"line":139,"column":15}},"139":{"start":{"line":140,"column":0},"end":{"line":140,"column":6}},"140":{"start":{"line":141,"column":0},"end":{"line":141,"column":21}},"141":{"start":{"line":142,"column":0},"end":{"line":142,"column":70}},"142":{"start":{"line":143,"column":0},"end":{"line":143,"column":14}},"143":{"start":{"line":144,"column":0},"end":{"line":144,"column":5}},"144":{"start":{"line":145,"column":0},"end":{"line":145,"column":5}},"145":{"start":{"line":146,"column":0},"end":{"line":146,"column":19}},"146":{"start":{"line":147,"column":0},"end":{"line":147,"column":47}},"148":{"start":{"line":149,"column":0},"end":{"line":149,"column":27}},"149":{"start":{"line":150,"column":0},"end":{"line":150,"column":3}},"150":{"start":{"line":151,"column":0},"end":{"line":151,"column":2}},"152":{"start":{"line":153,"column":0},"end":{"line":153,"column":43}},"153":{"start":{"line":154,"column":0},"end":{"line":154,"column":7}},"154":{"start":{"line":155,"column":0},"end":{"line":155,"column":33}},"156":{"start":{"line":157,"column":0},"end":{"line":157,"column":42}},"157":{"start":{"line":158,"column":0},"end":{"line":158,"column":9}},"158":{"start":{"line":159,"column":0},"end":{"line":159,"column":68}},"159":{"start":{"line":160,"column":0},"end":{"line":160,"column":58}},"160":{"start":{"line":161,"column":0},"end":{"line":161,"column":38}},"162":{"start":{"line":163,"column":0},"end":{"line":163,"column":30}},"163":{"start":{"line":164,"column":0},"end":{"line":164,"column":67}},"164":{"start":{"line":165,"column":0},"end":{"line":165,"column":58}},"165":{"start":{"line":166,"column":0},"end":{"line":166,"column":6}},"167":{"start":{"line":168,"column":0},"end":{"line":168,"column":32}},"168":{"start":{"line":169,"column":0},"end":{"line":169,"column":15}},"169":{"start":{"line":170,"column":0},"end":{"line":170,"column":6}},"170":{"start":{"line":171,"column":0},"end":{"line":171,"column":21}},"171":{"start":{"line":172,"column":0},"end":{"line":172,"column":70}},"172":{"start":{"line":173,"column":0},"end":{"line":173,"column":14}},"173":{"start":{"line":174,"column":0},"end":{"line":174,"column":5}},"174":{"start":{"line":175,"column":0},"end":{"line":175,"column":5}},"175":{"start":{"line":176,"column":0},"end":{"line":176,"column":19}},"176":{"start":{"line":177,"column":0},"end":{"line":177,"column":50}},"178":{"start":{"line":179,"column":0},"end":{"line":179,"column":27}},"179":{"start":{"line":180,"column":0},"end":{"line":180,"column":3}},"180":{"start":{"line":181,"column":0},"end":{"line":181,"column":2}},"181":{"start":{"line":182,"column":0},"end":{"line":182,"column":1}}},"s":{"5":0,"6":0,"7":0,"8":0,"9":0,"11":0,"12":0,"13":0,"16":0,"17":0,"18":0,"22":0,"23":0,"24":0,"25":0,"27":0,"28":0,"29":0,"30":0,"32":0,"33":0,"35":0,"36":0,"37":0,"39":0,"40":0,"41":0,"42":0,"44":0,"45":0,"46":0,"47":0,"48":0,"49":0,"50":0,"51":0,"58":0,"59":0,"60":0,"62":0,"63":0,"65":0,"66":0,"69":0,"71":0,"73":0,"74":0,"76":0,"78":0,"79":0,"80":0,"81":0,"82":0,"83":0,"84":0,"85":0,"86":0,"87":0,"88":0,"89":0,"91":0,"92":0,"93":0,"95":0,"96":0,"97":0,"98":0,"99":0,"101":0,"103":0,"104":0,"105":0,"107":0,"108":0,"109":0,"110":0,"112":0,"113":0,"114":0,"115":0,"116":0,"117":0,"118":0,"119":0,"120":0,"122":0,"123":0,"124":0,"126":0,"127":0,"128":0,"129":0,"130":0,"132":0,"133":0,"134":0,"135":0,"137":0,"138":0,"139":0,"140":0,"141":0,"142":0,"143":0,"144":0,"145":0,"146":0,"148":0,"149":0,"150":0,"152":0,"153":0,"154":0,"156":0,"157":0,"158":0,"159":0,"160":0,"162":0,"163":0,"164":0,"165":0,"167":0,"168":0,"169":0,"170":0,"171":0,"172":0,"173":0,"174":0,"175":0,"176":0,"178":0,"179":0,"180":0,"181":0},"branchMap":{"0":{"type":"branch","line":1,"loc":{"start":{"line":1,"column":5124},"end":{"line":182,"column":1}},"locations":[{"start":{"line":1,"column":5124},"end":{"line":182,"column":1}}]}},"b":{"0":[1]},"fnMap":{"0":{"name":"(empty-report)","decl":{"start":{"line":1,"column":5124},"end":{"line":182,"column":1}},"loc":{"start":{"line":1,"column":5124},"end":{"line":182,"column":1}},"line":1}},"f":{"0":1}}
,"/Users/mike/Projects/valtio-persist/src/storage/localStorage.ts": {"path":"/Users/mike/Projects/valtio-persist/src/storage/localStorage.ts","all":false,"statementMap":{"5":{"start":{"line":6,"column":0},"end":{"line":6,"column":62}},"6":{"start":{"line":7,"column":0},"end":{"line":7,"column":21}},"8":{"start":{"line":9,"column":0},"end":{"line":9,"column":43}},"9":{"start":{"line":10,"column":0},"end":{"line":10,"column":43}},"10":{"start":{"line":11,"column":0},"end":{"line":11,"column":2}},"12":{"start":{"line":13,"column":0},"end":{"line":13,"column":49}},"13":{"start":{"line":14,"column":0},"end":{"line":14,"column":34}},"14":{"start":{"line":15,"column":0},"end":{"line":15,"column":2}},"16":{"start":{"line":17,"column":0},"end":{"line":17,"column":55}},"17":{"start":{"line":18,"column":0},"end":{"line":18,"column":34}},"18":{"start":{"line":19,"column":0},"end":{"line":19,"column":2}},"20":{"start":{"line":21,"column":0},"end":{"line":21,"column":43}},"21":{"start":{"line":22,"column":0},"end":{"line":22,"column":30}},"22":{"start":{"line":23,"column":0},"end":{"line":23,"column":2}},"24":{"start":{"line":25,"column":0},"end":{"line":25,"column":23}},"25":{"start":{"line":26,"column":0},"end":{"line":26,"column":34}},"26":{"start":{"line":27,"column":0},"end":{"line":27,"column":2}},"28":{"start":{"line":29,"column":0},"end":{"line":29,"column":38}},"29":{"start":{"line":30,"column":0},"end":{"line":30,"column":34}},"30":{"start":{"line":31,"column":0},"end":{"line":31,"column":2}},"32":{"start":{"line":33,"column":0},"end":{"line":33,"column":26}},"33":{"start":{"line":34,"column":0},"end":{"line":34,"column":30}},"34":{"start":{"line":35,"column":0},"end":{"line":35,"column":2}},"36":{"start":{"line":37,"column":0},"end":{"line":37,"column":23}},"37":{"start":{"line":38,"column":0},"end":{"line":38,"column":43}},"38":{"start":{"line":39,"column":0},"end":{"line":39,"column":2}},"39":{"start":{"line":40,"column":0},"end":{"line":40,"column":1}}},"s":{"5":1,"6":1,"8":1,"9":0,"10":0,"12":1,"13":1,"14":1,"16":1,"17":0,"18":0,"20":1,"21":1,"22":1,"24":1,"25":15,"26":15,"28":1,"29":7,"30":7,"32":1,"33":0,"34":0,"36":1,"37":0,"38":0,"39":1},"branchMap":{"0":{"type":"branch","line":7,"loc":{"start":{"line":7,"column":8},"end":{"line":7,"column":21}},"locations":[{"start":{"line":7,"column":8},"end":{"line":7,"column":21}}]},"1":{"type":"branch","line":13,"loc":{"start":{"line":13,"column":1},"end":{"line":15,"column":2}},"locations":[{"start":{"line":13,"column":1},"end":{"line":15,"column":2}}]},"2":{"type":"branch","line":21,"loc":{"start":{"line":21,"column":1},"end":{"line":23,"column":2}},"locations":[{"start":{"line":21,"column":1},"end":{"line":23,"column":2}}]},"3":{"type":"branch","line":25,"loc":{"start":{"line":25,"column":1},"end":{"line":27,"column":2}},"locations":[{"start":{"line":25,"column":1},"end":{"line":27,"column":2}}]},"4":{"type":"branch","line":29,"loc":{"start":{"line":29,"column":1},"end":{"line":31,"column":2}},"locations":[{"start":{"line":29,"column":1},"end":{"line":31,"column":2}}]}},"b":{"0":[16],"1":[1],"2":[1],"3":[15],"4":[7]},"fnMap":{"0":{"name":"<instance_members_initializer>","decl":{"start":{"line":7,"column":8},"end":{"line":7,"column":21}},"loc":{"start":{"line":7,"column":8},"end":{"line":7,"column":21}},"line":7},"1":{"name":"has","decl":{"start":{"line":9,"column":1},"end":{"line":11,"column":2}},"loc":{"start":{"line":9,"column":1},"end":{"line":11,"column":2}},"line":9},"2":{"name":"get","decl":{"start":{"line":13,"column":1},"end":{"line":15,"column":2}},"loc":{"start":{"line":13,"column":1},"end":{"line":15,"column":2}},"line":13},"3":{"name":"set","decl":{"start":{"line":17,"column":1},"end":{"line":19,"column":2}},"loc":{"start":{"line":17,"column":1},"end":{"line":19,"column":2}},"line":17},"4":{"name":"remove","decl":{"start":{"line":21,"column":1},"end":{"line":23,"column":2}},"loc":{"start":{"line":21,"column":1},"end":{"line":23,"column":2}},"line":21},"5":{"name":"syncGet","decl":{"start":{"line":25,"column":1},"end":{"line":27,"column":2}},"loc":{"start":{"line":25,"column":1},"end":{"line":27,"column":2}},"line":25},"6":{"name":"syncSet","decl":{"start":{"line":29,"column":1},"end":{"line":31,"column":2}},"loc":{"start":{"line":29,"column":1},"end":{"line":31,"column":2}},"line":29},"7":{"name":"syncRemove","decl":{"start":{"line":33,"column":1},"end":{"line":35,"column":2}},"loc":{"start":{"line":33,"column":1},"end":{"line":35,"column":2}},"line":33},"8":{"name":"syncHas","decl":{"start":{"line":37,"column":1},"end":{"line":39,"column":2}},"loc":{"start":{"line":37,"column":1},"end":{"line":39,"column":2}},"line":37}},"f":{"0":16,"1":0,"2":1,"3":0,"4":1,"5":15,"6":7,"7":0,"8":0}}
,"/Users/mike/Projects/valtio-persist/src/storage/memoryStorage.ts": {"path":"/Users/mike/Projects/valtio-persist/src/storage/memoryStorage.ts","all":false,"statementMap":{"5":{"start":{"line":6,"column":0},"end":{"line":6,"column":63}},"6":{"start":{"line":7,"column":0},"end":{"line":7,"column":21}},"7":{"start":{"line":8,"column":0},"end":{"line":8,"column":49}},"9":{"start":{"line":10,"column":0},"end":{"line":10,"column":43}},"10":{"start":{"line":11,"column":0},"end":{"line":11,"column":30}},"11":{"start":{"line":12,"column":0},"end":{"line":12,"column":2}},"13":{"start":{"line":14,"column":0},"end":{"line":14,"column":49}},"14":{"start":{"line":15,"column":0},"end":{"line":15,"column":38}},"15":{"start":{"line":16,"column":0},"end":{"line":16,"column":2}},"17":{"start":{"line":18,"column":0},"end":{"line":18,"column":55}},"18":{"start":{"line":19,"column":0},"end":{"line":19,"column":30}},"19":{"start":{"line":20,"column":0},"end":{"line":20,"column":2}},"21":{"start":{"line":22,"column":0},"end":{"line":22,"column":43}},"22":{"start":{"line":23,"column":0},"end":{"line":23,"column":26}},"23":{"start":{"line":24,"column":0},"end":{"line":24,"column":2}},"25":{"start":{"line":26,"column":0},"end":{"line":26,"column":32}},"26":{"start":{"line":27,"column":0},"end":{"line":27,"column":30}},"27":{"start":{"line":28,"column":0},"end":{"line":28,"column":2}},"29":{"start":{"line":30,"column":0},"end":{"line":30,"column":38}},"30":{"start":{"line":31,"column":0},"end":{"line":31,"column":38}},"31":{"start":{"line":32,"column":0},"end":{"line":32,"column":2}},"33":{"start":{"line":34,"column":0},"end":{"line":34,"column":44}},"34":{"start":{"line":35,"column":0},"end":{"line":35,"column":30}},"35":{"start":{"line":36,"column":0},"end":{"line":36,"column":2}},"37":{"start":{"line":38,"column":0},"end":{"line":38,"column":32}},"38":{"start":{"line":39,"column":0},"end":{"line":39,"column":26}},"39":{"start":{"line":40,"column":0},"end":{"line":40,"column":2}},"40":{"start":{"line":41,"column":0},"end":{"line":41,"column":1}}},"s":{"5":1,"6":1,"7":2,"9":1,"10":0,"11":0,"13":1,"14":0,"15":0,"17":1,"18":0,"19":0,"21":1,"22":0,"23":0,"25":1,"26":0,"27":0,"29":1,"30":2,"31":2,"33":1,"34":1,"35":1,"37":1,"38":0,"39":0,"40":1},"branchMap":{"0":{"type":"branch","line":7,"loc":{"start":{"line":7,"column":8},"end":{"line":8,"column":49}},"locations":[{"start":{"line":7,"column":8},"end":{"line":8,"column":49}}]},"1":{"type":"branch","line":30,"loc":{"start":{"line":30,"column":1},"end":{"line":32,"column":2}},"locations":[{"start":{"line":30,"column":1},"end":{"line":32,"column":2}}]},"2":{"type":"branch","line":34,"loc":{"start":{"line":34,"column":1},"end":{"line":36,"column":2}},"locations":[{"start":{"line":34,"column":1},"end":{"line":36,"column":2}}]}},"b":{"0":[2],"1":[2],"2":[1]},"fnMap":{"0":{"name":"<instance_members_initializer>","decl":{"start":{"line":7,"column":8},"end":{"line":8,"column":49}},"loc":{"start":{"line":7,"column":8},"end":{"line":8,"column":49}},"line":7},"1":{"name":"has","decl":{"start":{"line":10,"column":1},"end":{"line":12,"column":2}},"loc":{"start":{"line":10,"column":1},"end":{"line":12,"column":2}},"line":10},"2":{"name":"get","decl":{"start":{"line":14,"column":1},"end":{"line":16,"column":2}},"loc":{"start":{"line":14,"column":1},"end":{"line":16,"column":2}},"line":14},"3":{"name":"set","decl":{"start":{"line":18,"column":1},"end":{"line":20,"column":2}},"loc":{"start":{"line":18,"column":1},"end":{"line":20,"column":2}},"line":18},"4":{"name":"remove","decl":{"start":{"line":22,"column":1},"end":{"line":24,"column":2}},"loc":{"start":{"line":22,"column":1},"end":{"line":24,"column":2}},"line":22},"5":{"name":"syncHas","decl":{"start":{"line":26,"column":1},"end":{"line":28,"column":2}},"loc":{"start":{"line":26,"column":1},"end":{"line":28,"column":2}},"line":26},"6":{"name":"syncGet","decl":{"start":{"line":30,"column":1},"end":{"line":32,"column":2}},"loc":{"start":{"line":30,"column":1},"end":{"line":32,"column":2}},"line":30},"7":{"name":"syncSet","decl":{"start":{"line":34,"column":1},"end":{"line":36,"column":2}},"loc":{"start":{"line":34,"column":1},"end":{"line":36,"column":2}},"line":34},"8":{"name":"syncRemove","decl":{"start":{"line":38,"column":1},"end":{"line":40,"column":2}},"loc":{"start":{"line":38,"column":1},"end":{"line":40,"column":2}},"line":38}},"f":{"0":2,"1":0,"2":0,"3":0,"4":0,"5":0,"6":2,"7":1,"8":0}}
,"/Users/mike/Projects/valtio-persist/src/storage/sessionStorage.ts": {"path":"/Users/mike/Projects/valtio-persist/src/storage/sessionStorage.ts","all":false,"statementMap":{"5":{"start":{"line":6,"column":0},"end":{"line":6,"column":64}},"6":{"start":{"line":7,"column":0},"end":{"line":7,"column":21}},"8":{"start":{"line":9,"column":0},"end":{"line":9,"column":25}},"9":{"start":{"line":10,"column":0},"end":{"line":10,"column":45}},"10":{"start":{"line":11,"column":0},"end":{"line":11,"column":2}},"12":{"start":{"line":13,"column":0},"end":{"line":13,"column":25}},"13":{"start":{"line":14,"column":0},"end":{"line":14,"column":36}},"14":{"start":{"line":15,"column":0},"end":{"line":15,"column":2}},"16":{"start":{"line":17,"column":0},"end":{"line":17,"column":40}},"17":{"start":{"line":18,"column":0},"end":{"line":18,"column":36}},"18":{"start":{"line":19,"column":0},"end":{"line":19,"column":2}},"20":{"start":{"line":21,"column":0},"end":{"line":21,"column":28}},"21":{"start":{"line":22,"column":0},"end":{"line":22,"column":32}},"22":{"start":{"line":23,"column":0},"end":{"line":23,"column":2}},"24":{"start":{"line":25,"column":0},"end":{"line":25,"column":23}},"25":{"start":{"line":26,"column":0},"end":{"line":26,"column":45}},"26":{"start":{"line":27,"column":0},"end":{"line":27,"column":2}},"28":{"start":{"line":29,"column":0},"end":{"line":29,"column":23}},"29":{"start":{"line":30,"column":0},"end":{"line":30,"column":36}},"30":{"start":{"line":31,"column":0},"end":{"line":31,"column":2}},"32":{"start":{"line":33,"column":0},"end":{"line":33,"column":38}},"33":{"start":{"line":34,"column":0},"end":{"line":34,"column":36}},"34":{"start":{"line":35,"column":0},"end":{"line":35,"column":2}},"36":{"start":{"line":37,"column":0},"end":{"line":37,"column":26}},"37":{"start":{"line":38,"column":0},"end":{"line":38,"column":32}},"38":{"start":{"line":39,"column":0},"end":{"line":39,"column":2}},"39":{"start":{"line":40,"column":0},"end":{"line":40,"column":1}}},"s":{"5":1,"6":1,"8":1,"9":0,"10":0,"12":1,"13":0,"14":0,"16":1,"17":0,"18":0,"20":1,"21":0,"22":0,"24":1,"25":0,"26":0,"28":1,"29":1,"30":1,"32":1,"33":1,"34":1,"36":1,"37":0,"38":0,"39":1},"branchMap":{"0":{"type":"branch","line":7,"loc":{"start":{"line":7,"column":8},"end":{"line":7,"column":21}},"locations":[{"start":{"line":7,"column":8},"end":{"line":7,"column":21}}]},"1":{"type":"branch","line":29,"loc":{"start":{"line":29,"column":1},"end":{"line":31,"column":2}},"locations":[{"start":{"line":29,"column":1},"end":{"line":31,"column":2}}]},"2":{"type":"branch","line":33,"loc":{"start":{"line":33,"column":1},"end":{"line":35,"column":2}},"locations":[{"start":{"line":33,"column":1},"end":{"line":35,"column":2}}]}},"b":{"0":[1],"1":[1],"2":[1]},"fnMap":{"0":{"name":"<instance_members_initializer>","decl":{"start":{"line":7,"column":8},"end":{"line":7,"column":21}},"loc":{"start":{"line":7,"column":8},"end":{"line":7,"column":21}},"line":7},"1":{"name":"has","decl":{"start":{"line":9,"column":1},"end":{"line":11,"column":2}},"loc":{"start":{"line":9,"column":1},"end":{"line":11,"column":2}},"line":9},"2":{"name":"get","decl":{"start":{"line":13,"column":1},"end":{"line":15,"column":2}},"loc":{"start":{"line":13,"column":1},"end":{"line":15,"column":2}},"line":13},"3":{"name":"set","decl":{"start":{"line":17,"column":1},"end":{"line":19,"column":2}},"loc":{"start":{"line":17,"column":1},"end":{"line":19,"column":2}},"line":17},"4":{"name":"remove","decl":{"start":{"line":21,"column":1},"end":{"line":23,"column":2}},"loc":{"start":{"line":21,"column":1},"end":{"line":23,"column":2}},"line":21},"5":{"name":"syncHas","decl":{"start":{"line":25,"column":1},"end":{"line":27,"column":2}},"loc":{"start":{"line":25,"column":1},"end":{"line":27,"column":2}},"line":25},"6":{"name":"syncGet","decl":{"start":{"line":29,"column":1},"end":{"line":31,"column":2}},"loc":{"start":{"line":29,"column":1},"end":{"line":31,"column":2}},"line":29},"7":{"name":"syncSet","decl":{"start":{"line":33,"column":1},"end":{"line":35,"column":2}},"loc":{"start":{"line":33,"column":1},"end":{"line":35,"column":2}},"line":33},"8":{"name":"syncRemove","decl":{"start":{"line":37,"column":1},"end":{"line":39,"column":2}},"loc":{"start":{"line":37,"column":1},"end":{"line":39,"column":2}},"line":37}},"f":{"0":1,"1":0,"2":0,"3":0,"4":0,"5":0,"6":1,"7":1,"8":0}}
,"/Users/mike/Projects/valtio-persist/src/storage/singleFile.ts": {"path":"/Users/mike/Projects/valtio-persist/src/storage/singleFile.ts","all":true,"statementMap":{"7":{"start":{"line":8,"column":0},"end":{"line":8,"column":60}},"8":{"start":{"line":9,"column":0},"end":{"line":9,"column":22}},"9":{"start":{"line":10,"column":0},"end":{"line":10,"column":25}},"10":{"start":{"line":11,"column":0},"end":{"line":11,"column":47}},"11":{"start":{"line":12,"column":0},"end":{"line":12,"column":28}},"13":{"start":{"line":14,"column":0},"end":{"line":14,"column":32}},"14":{"start":{"line":15,"column":0},"end":{"line":15,"column":26}},"16":{"start":{"line":17,"column":0},"end":{"line":17,"column":7}},"18":{"start":{"line":19,"column":0},"end":{"line":19,"column":30}},"19":{"start":{"line":20,"column":0},"end":{"line":20,"column":23}},"20":{"start":{"line":21,"column":0},"end":{"line":21,"column":19}},"21":{"start":{"line":22,"column":0},"end":{"line":22,"column":19}},"22":{"start":{"line":23,"column":0},"end":{"line":23,"column":107}},"23":{"start":{"line":24,"column":0},"end":{"line":24,"column":4}},"24":{"start":{"line":25,"column":0},"end":{"line":25,"column":3}},"25":{"start":{"line":26,"column":0},"end":{"line":26,"column":2}},"27":{"start":{"line":28,"column":0},"end":{"line":28,"column":50}},"28":{"start":{"line":29,"column":0},"end":{"line":29,"column":7}},"29":{"start":{"line":30,"column":0},"end":{"line":30,"column":41}},"30":{"start":{"line":31,"column":0},"end":{"line":31,"column":36}},"33":{"start":{"line":34,"column":0},"end":{"line":34,"column":48}},"34":{"start":{"line":35,"column":0},"end":{"line":35,"column":49}},"37":{"start":{"line":38,"column":0},"end":{"line":38,"column":8}},"38":{"start":{"line":39,"column":0},"end":{"line":39,"column":34}},"39":{"start":{"line":40,"column":0},"end":{"line":40,"column":12}},"41":{"start":{"line":42,"column":0},"end":{"line":42,"column":57}},"42":{"start":{"line":43,"column":0},"end":{"line":43,"column":4}},"43":{"start":{"line":44,"column":0},"end":{"line":44,"column":19}},"44":{"start":{"line":45,"column":0},"end":{"line":45,"column":54}},"45":{"start":{"line":46,"column":0},"end":{"line":46,"column":14}},"46":{"start":{"line":47,"column":0},"end":{"line":47,"column":3}},"47":{"start":{"line":48,"column":0},"end":{"line":48,"column":2}},"49":{"start":{"line":50,"column":0},"end":{"line":50,"column":46}},"50":{"start":{"line":51,"column":0},"end":{"line":51,"column":30}},"52":{"start":{"line":53,"column":0},"end":{"line":53,"column":7}},"53":{"start":{"line":54,"column":0},"end":{"line":54,"column":41}},"54":{"start":{"line":55,"column":0},"end":{"line":55,"column":32}},"56":{"start":{"line":57,"column":0},"end":{"line":57,"column":8}},"57":{"start":{"line":58,"column":0},"end":{"line":58,"column":57}},"59":{"start":{"line":60,"column":0},"end":{"line":60,"column":16}},"60":{"start":{"line":61,"column":0},"end":{"line":61,"column":27}},"61":{"start":{"line":62,"column":0},"end":{"line":62,"column":12}},"62":{"start":{"line":63,"column":0},"end":{"line":63,"column":10}},"63":{"start":{"line":64,"column":0},"end":{"line":64,"column":35}},"64":{"start":{"line":65,"column":0},"end":{"line":65,"column":48}},"65":{"start":{"line":66,"column":0},"end":{"line":66,"column":14}},"66":{"start":{"line":67,"column":0},"end":{"line":67,"column":28}},"67":{"start":{"line":68,"column":0},"end":{"line":68,"column":6}},"68":{"start":{"line":69,"column":0},"end":{"line":69,"column":5}},"69":{"start":{"line":70,"column":0},"end":{"line":70,"column":20}},"70":{"start":{"line":71,"column":0},"end":{"line":71,"column":52}},"71":{"start":{"line":72,"column":0},"end":{"line":72,"column":26}},"72":{"start":{"line":73,"column":0},"end":{"line":73,"column":4}},"74":{"start":{"line":75,"column":0},"end":{"line":75,"column":26}},"75":{"start":{"line":76,"column":0},"end":{"line":76,"column":19}},"76":{"start":{"line":77,"column":0},"end":{"line":77,"column":51}},"77":{"start":{"line":78,"column":0},"end":{"line":78,"column":25}},"78":{"start":{"line":79,"column":0},"end":{"line":79,"column":26}},"79":{"start":{"line":80,"column":0},"end":{"line":80,"column":3}},"80":{"start":{"line":81,"column":0},"end":{"line":81,"column":2}},"82":{"start":{"line":83,"column":0},"end":{"line":83,"column":44}},"83":{"start":{"line":84,"column":0},"end":{"line":84,"column":7}},"84":{"start":{"line":85,"column":0},"end":{"line":85,"column":41}},"85":{"start":{"line":86,"column":0},"end":{"line":86,"column":55}},"86":{"start":{"line":87,"column":0},"end":{"line":87,"column":66}},"87":{"start":{"line":88,"column":0},"end":{"line":88,"column":19}},"88":{"start":{"line":89,"column":0},"end":{"line":89,"column":48}},"89":{"start":{"line":90,"column":0},"end":{"line":90,"column":3}},"90":{"start":{"line":91,"column":0},"end":{"line":91,"column":2}},"92":{"start":{"line":93,"column":0},"end":{"line":93,"column":43}},"93":{"start":{"line":94,"column":0},"end":{"line":94,"column":7}},"94":{"start":{"line":95,"column":0},"end":{"line":95,"column":28}},"95":{"start":{"line":96,"column":0},"end":{"line":96,"column":29}},"96":{"start":{"line":97,"column":0},"end":{"line":97,"column":19}},"97":{"start":{"line":98,"column":0},"end":{"line":98,"column":48}},"98":{"start":{"line":99,"column":0},"end":{"line":99,"column":15}},"99":{"start":{"line":100,"column":0},"end":{"line":100,"column":3}},"100":{"start":{"line":101,"column":0},"end":{"line":101,"column":2}},"102":{"start":{"line":103,"column":0},"end":{"line":103,"column":49}},"103":{"start":{"line":104,"column":0},"end":{"line":104,"column":7}},"104":{"start":{"line":105,"column":0},"end":{"line":105,"column":28}},"105":{"start":{"line":106,"column":0},"end":{"line":106,"column":37}},"106":{"start":{"line":107,"column":0},"end":{"line":107,"column":19}},"107":{"start":{"line":108,"column":0},"end":{"line":108,"column":48}},"108":{"start":{"line":109,"column":0},"end":{"line":109,"column":14}},"109":{"start":{"line":110,"column":0},"end":{"line":110,"column":3}},"110":{"start":{"line":111,"column":0},"end":{"line":111,"column":2}},"112":{"start":{"line":113,"column":0},"end":{"line":113,"column":55}},"113":{"start":{"line":114,"column":0},"end":{"line":114,"column":7}},"114":{"start":{"line":115,"column":0},"end":{"line":115,"column":28}},"115":{"start":{"line":116,"column":0},"end":{"line":116,"column":29}},"116":{"start":{"line":117,"column":0},"end":{"line":117,"column":26}},"117":{"start":{"line":118,"column":0},"end":{"line":118,"column":19}},"118":{"start":{"line":119,"column":0},"end":{"line":119,"column":48}},"119":{"start":{"line":120,"column":0},"end":{"line":120,"column":3}},"120":{"start":{"line":121,"column":0},"end":{"line":121,"column":2}},"122":{"start":{"line":123,"column":0},"end":{"line":123,"column":43}},"123":{"start":{"line":124,"column":0},"end":{"line":124,"column":7}},"124":{"start":{"line":125,"column":0},"end":{"line":125,"column":28}},"125":{"start":{"line":126,"column":0},"end":{"line":126,"column":25}},"126":{"start":{"line":127,"column":0},"end":{"line":127,"column":26}},"127":{"start":{"line":128,"column":0},"end":{"line":128,"column":19}},"128":{"start":{"line":129,"column":0},"end":{"line":129,"column":51}},"129":{"start":{"line":130,"column":0},"end":{"line":130,"column":3}},"130":{"start":{"line":131,"column":0},"end":{"line":131,"column":2}},"131":{"start":{"line":132,"column":0},"end":{"line":132,"column":1}}},"s":{"7":0,"8":0,"9":0,"10":0,"11":0,"13":0,"14":0,"16":0,"18":0,"19":0,"20":0,"21":0,"22":0,"23":0,"24":0,"25":0,"27":0,"28":0,"29":0,"30":0,"33":0,"34":0,"37":0,"38":0,"39":0,"41":0,"42":0,"43":0,"44":0,"45":0,"46":0,"47":0,"49":0,"50":0,"52":0,"53":0,"54":0,"56":0,"57":0,"59":0,"60":0,"61":0,"62":0,"63":0,"64":0,"65":0,"66":0,"67":0,"68":0,"69":0,"70":0,"71":0,"72":0,"74":0,"75":0,"76":0,"77":0,"78":0,"79":0,"80":0,"82":0,"83":0,"84":0,"85":0,"86":0,"87":0,"88":0,"89":0,"90":0,"92":0,"93":0,"94":0,"95":0,"96":0,"97":0,"98":0,"99":0,"100":0,"102":0,"103":0,"104":0,"105":0,"106":0,"107":0,"108":0,"109":0,"110":0,"112":0,"113":0,"114":0,"115":0,"116":0,"117":0,"118":0,"119":0,"120":0,"122":0,"123":0,"124":0,"125":0,"126":0,"127":0,"128":0,"129":0,"130":0,"131":0},"branchMap":{"0":{"type":"branch","line":1,"loc":{"start":{"line":1,"column":3237},"end":{"line":132,"column":1}},"locations":[{"start":{"line":1,"column":3237},"end":{"line":132,"column":1}}]}},"b":{"0":[1]},"fnMap":{"0":{"name":"(empty-report)","decl":{"start":{"line":1,"column":3237},"end":{"line":132,"column":1}},"loc":{"start":{"line":1,"column":3237},"end":{"line":132,"column":1}},"line":1}},"f":{"0":1}}
}
